0000-03af : PCI Bus 0000:00
  0000-001f : dma1
  0020-0021 : pic1
  0040-0043 : timer0
  0050-0053 : timer1
  0060-0060 : keyboard
  0061-0061 : PNP0800:00
  0064-0064 : keyboard
  0070-0071 : rtc0
  0080-008f : dma page reg
  00a0-00a1 : pic2
  00c0-00df : dma2
  00f0-00ff : PNP0C04:00
    00f0-00ff : fpu
  0378-037a : parport0
03b0-03df : PCI Bus 0000:00
  03c0-03df : vesafb
03e0-0cf7 : PCI Bus 0000:00
  03f8-03ff : serial
  040b-040b : pnp 00:09
  04d0-04d1 : pnp 00:08
    04d0-04d1 : pnp 00:09
  04d6-04d6 : pnp 00:09
  0600-060f : pnp 00:03
  0800-0803 : ACPI PM1a_EVT_BLK
  0804-0805 : ACPI PM1a_CNT_BLK
  0808-080b : ACPI PM_TMR
  0810-0815 : ACPI CPU throttle
  0820-0827 : ACPI GPE0_BLK
  0900-090f : pnp 00:09
  0910-091f : pnp 00:09
  0a00-0a1f : pnp 00:03
  0b00-0b07 : piix4_smbus
  0b20-0b3f : pnp 00:09
    0b20-0b27 : piix4_smbus
  0c00-0c01 : pnp 00:09
  0c14-0c14 : pnp 00:09
  0c50-0c51 : pnp 00:09
  0c52-0c52 : pnp 00:09
  0c6c-0c6c : pnp 00:09
  0c6f-0c6f : pnp 00:09
  0cd0-0cd1 : pnp 00:09
  0cd2-0cd3 : pnp 00:09
  0cd4-0cd5 : pnp 00:09
  0cd6-0cd7 : pnp 00:09
  0cd8-0cdf : pnp 00:09
0cf8-0cff : PCI conf1
0d00-ffff : PCI Bus 0000:00
  e000-efff : PCI Bus 0000:01
    e000-e0ff : 0000:01:00.0
      e000-e0ff : r8169
  f000-f0ff : 0000:00:01.0
  f100-f10f : 0000:00:11.0
    f100-f10f : ahci
  f110-f113 : 0000:00:11.0
    f110-f113 : ahci
  f120-f127 : 0000:00:11.0
    f120-f127 : ahci
  f130-f133 : 0000:00:11.0
    f130-f133 : ahci
  f140-f147 : 0000:00:11.0
    f140-f147 : ahci
  fe00-fefe : pnp 00:09
